<?xml version="1.0" encoding="UTF-8"?>
<!-- Generated by org.testng.reporters.JUnitXMLReporter -->
<testsuite ignored="2" hostname="ADITYA" failures="0" tests="1" name="Default test" time="26.638" errors="0" timestamp="2024-07-24T15:16:09 IST">
  <testcase classname="com.comcast.crm.generic.assertion.createContactTest" name="createContact" time="12.757"/>
  <testcase classname="com.comcast.crm.generic.assertion.createContactTest" name="createContactwithDate" time="0.0">
    <ignored/>
  </testcase> <!-- createContactwithDate -->
  <testcase classname="com.comcast.crm.generic.assertion.createContactTest" name="createconwithorg" time="0.0">
    <ignored/>
  </testcase> <!-- createconwithorg -->
</testsuite> <!-- Default test -->
