<?xml version="1.0" encoding="UTF-8"?>
<!-- Generated by org.testng.reporters.JUnitXMLReporter -->
<testsuite ignored="2" hostname="DESKTOP-9ODT9HC" failures="0" tests="6" name="TestRuner-firefox" time="275.14" errors="0" timestamp="2024-07-17T13:36:26 IST">
  <testcase classname="com.comcast.crm.generic.basicutility.crossbrowsertest.createContactTest" name="createContact" time="45.522"/>
  <testcase classname="com.comcast.crm.generic.basicutility.crossbrowsertest.createContactTest" name="createContactwithDate" time="29.249"/>
  <testcase classname="com.comcast.crm.generic.basicutility.crossbrowsertest.createContactTest" name="createconwithorg" time="47.615"/>
  <testcase classname="com.comcast.crm.generic.basicutility.crossbrowsertest.createOrgTest" name="createOrgwithIndustry" time="21.049"/>
  <testcase classname="com.comcast.crm.generic.basicutility.crossbrowsertest.createOrgTest" name="createorg" time="20.163"/>
  <testcase classname="com.comcast.crm.generic.basicutility.crossbrowsertest.createOrgTest" name="createorgwithIndandType" time="20.602"/>
  <testcase classname="com.comcast.crm.generic.basicutility.crossbrowsertest.BaseclassTest" name="@AfterSuite congigAS" time="0.0">
    <ignored/>
  </testcase> <!-- @AfterSuite congigAS -->
  <testcase classname="com.comcast.crm.generic.basicutility.crossbrowsertest.BaseclassTest" name="@BeforeSuite congigBs" time="0.0">
    <ignored/>
  </testcase> <!-- @BeforeSuite congigBs -->
</testsuite> <!-- TestRuner-firefox -->
