<?xml version="1.0" encoding="UTF-8"?>
<!-- Generated by org.testng.reporters.JUnitXMLReporter -->
<testsuite ignored="2" hostname="DESKTOP-9ODT9HC" failures="0" tests="6" name="Test" time="417.044" errors="0" timestamp="2024-07-17T13:34:26 IST">
  <testcase classname="com.comcast.crm.generic.basicutility.crossbrowsertest.createContactTest" name="createContact" time="32.31"/>
  <testcase classname="com.comcast.crm.generic.basicutility.crossbrowsertest.createContactTest" name="createContactwithDate" time="21.55"/>
  <testcase classname="com.comcast.crm.generic.basicutility.crossbrowsertest.createContactTest" name="createconwithorg" time="34.325"/>
  <testcase classname="com.comcast.crm.generic.basicutility.crossbrowsertest.createOrgTest" name="createOrgwithIndustry" time="44.278"/>
  <testcase classname="com.comcast.crm.generic.basicutility.crossbrowsertest.createOrgTest" name="createorg" time="30.373"/>
  <testcase classname="com.comcast.crm.generic.basicutility.crossbrowsertest.createOrgTest" name="createorgwithIndandType" time="30.276"/>
  <testcase classname="com.comcast.crm.generic.basicutility.crossbrowsertest.BaseclassTest" name="@AfterSuite congigAS" time="0.0">
    <ignored/>
  </testcase> <!-- @AfterSuite congigAS -->
  <testcase classname="com.comcast.crm.generic.basicutility.crossbrowsertest.BaseclassTest" name="@BeforeSuite congigBs" time="0.0">
    <ignored/>
  </testcase> <!-- @BeforeSuite congigBs -->
</testsuite> <!-- Test -->
