<?xml version="1.0" encoding="UTF-8"?>
<testng-results ignored="0" total="3" passed="2" failed="1" skipped="0">
  <reporter-output>
  </reporter-output>
  <suite started-at="2024-07-28T23:51:59 IST" name="Default suite" finished-at="2024-07-28T23:52:58 IST" duration-ms="59252">
    <groups>
    </groups>
    <test started-at="2024-07-28T23:51:59 IST" name="Default test" finished-at="2024-07-28T23:52:58 IST" duration-ms="59252">
      <class name="com.comcast.crm.generic.basicutility.createContactTest">
        <test-method is-config="true" signature="congigBs()[pri:0, instance:com.comcast.crm.generic.basicutility.createContactTest@5f049ea1]" started-at="2024-07-28T23:51:58 IST" name="congigBs" finished-at="2024-07-28T23:51:59 IST" duration-ms="747" status="PASS">
          <reporter-output>
          </reporter-output>
        </test-method> <!-- congigBs -->
        <test-method is-config="true" signature="congigBC()[pri:0, instance:com.comcast.crm.generic.basicutility.createContactTest@5f049ea1]" started-at="2024-07-28T23:51:59 IST" name="congigBC" finished-at="2024-07-28T23:52:05 IST" duration-ms="6094" status="PASS">
          <reporter-output>
          </reporter-output>
        </test-method> <!-- congigBC -->
        <test-method is-config="true" signature="configBM()[pri:0, instance:com.comcast.crm.generic.basicutility.createContactTest@5f049ea1]" started-at="2024-07-28T23:52:05 IST" name="configBM" finished-at="2024-07-28T23:52:09 IST" duration-ms="4278" status="PASS">
          <reporter-output>
          </reporter-output>
        </test-method> <!-- configBM -->
        <test-method signature="createContact()[pri:0, instance:com.comcast.crm.generic.basicutility.createContactTest@5f049ea1]" started-at="2024-07-28T23:52:09 IST" name="createContact" finished-at="2024-07-28T23:52:09 IST" duration-ms="40" status="FAIL">
          <exception class="java.lang.NullPointerException">
            <message>
              <![CDATA[Cannot invoke "com.aventstack.extentreports.ExtentTest.log(com.aventstack.extentreports.Status, String)" because the return value of "com.comcast.crm.generic.webdriverutility.UtilityClassObject.getTest()" is null]]>
            </message>
            <full-stacktrace>
              <![CDATA[java.lang.NullPointerException: Cannot invoke "com.aventstack.extentreports.ExtentTest.log(com.aventstack.extentreports.Status, String)" because the return value of "com.comcast.crm.generic.webdriverutility.UtilityClassObject.getTest()" is null
at com.comcast.crm.generic.basicutility.createContactTest.createContact(createContactTest.java:28)
at java.base/jdk.internal.reflect.NativeMethodAccessorImpl.invoke0(Native Method)
at java.base/jdk.internal.reflect.NativeMethodAccessorImpl.invoke(NativeMethodAccessorImpl.java:77)
at java.base/jdk.internal.reflect.DelegatingMethodAccessorImpl.invoke(DelegatingMethodAccessorImpl.java:43)
at java.base/java.lang.reflect.Method.invoke(Method.java:568)
at org.testng.internal.invokers.MethodInvocationHelper.invokeMethod(MethodInvocationHelper.java:141)
at org.testng.internal.invokers.TestInvoker.invokeMethod(TestInvoker.java:686)
at org.testng.internal.invokers.TestInvoker.invokeTestMethod(TestInvoker.java:230)
at org.testng.internal.invokers.MethodRunner.runInSequence(MethodRunner.java:63)
at org.testng.internal.invokers.TestInvoker$MethodInvocationAgent.invoke(TestInvoker.java:992)
at org.testng.internal.invokers.TestInvoker.invokeTestMethods(TestInvoker.java:203)
at org.testng.internal.invokers.TestMethodWorker.invokeTestMethods(TestMethodWorker.java:154)
at org.testng.internal.invokers.TestMethodWorker.run(TestMethodWorker.java:134)
at java.base/java.util.ArrayList.forEach(ArrayList.java:1511)
at org.testng.TestRunner.privateRun(TestRunner.java:739)
at org.testng.TestRunner.run(TestRunner.java:614)
at org.testng.SuiteRunner.runTest(SuiteRunner.java:421)
at org.testng.SuiteRunner.runSequentially(SuiteRunner.java:413)
at org.testng.SuiteRunner.privateRun(SuiteRunner.java:373)
at org.testng.SuiteRunner.run(SuiteRunner.java:312)
at org.testng.SuiteRunnerWorker.runSuite(SuiteRunnerWorker.java:52)
at org.testng.SuiteRunnerWorker.run(SuiteRunnerWorker.java:95)
at org.testng.TestNG.runSuitesSequentially(TestNG.java:1274)
at org.testng.TestNG.runSuitesLocally(TestNG.java:1208)
at org.testng.TestNG.runSuites(TestNG.java:1112)
at org.testng.TestNG.run(TestNG.java:1079)
at org.testng.remote.AbstractRemoteTestNG.run(AbstractRemoteTestNG.java:115)
at org.testng.remote.RemoteTestNG.initAndRun(RemoteTestNG.java:293)
at org.testng.remote.RemoteTestNG.main(RemoteTestNG.java:91)
]]>
            </full-stacktrace>
          </exception> <!-- java.lang.NullPointerException -->
          <reporter-output>
          </reporter-output>
        </test-method> <!-- createContact -->
        <test-method is-config="true" signature="configAM()[pri:0, instance:com.comcast.crm.generic.basicutility.createContactTest@5f049ea1]" started-at="2024-07-28T23:52:09 IST" name="configAM" finished-at="2024-07-28T23:52:14 IST" duration-ms="4617" status="PASS">
          <reporter-output>
          </reporter-output>
        </test-method> <!-- configAM -->
        <test-method is-config="true" signature="configBM()[pri:0, instance:com.comcast.crm.generic.basicutility.createContactTest@5f049ea1]" started-at="2024-07-28T23:52:14 IST" name="configBM" finished-at="2024-07-28T23:52:17 IST" duration-ms="3462" status="PASS">
          <reporter-output>
          </reporter-output>
        </test-method> <!-- configBM -->
        <test-method signature="createContactwithDate()[pri:0, instance:com.comcast.crm.generic.basicutility.createContactTest@5f049ea1]" started-at="2024-07-28T23:52:17 IST" name="createContactwithDate" finished-at="2024-07-28T23:52:28 IST" duration-ms="10902" status="PASS">
          <reporter-output>
          </reporter-output>
        </test-method> <!-- createContactwithDate -->
        <test-method is-config="true" signature="configAM()[pri:0, instance:com.comcast.crm.generic.basicutility.createContactTest@5f049ea1]" started-at="2024-07-28T23:52:28 IST" name="configAM" finished-at="2024-07-28T23:52:30 IST" duration-ms="2082" status="PASS">
          <reporter-output>
          </reporter-output>
        </test-method> <!-- configAM -->
        <test-method is-config="true" signature="configBM()[pri:0, instance:com.comcast.crm.generic.basicutility.createContactTest@5f049ea1]" started-at="2024-07-28T23:52:30 IST" name="configBM" finished-at="2024-07-28T23:52:34 IST" duration-ms="3925" status="PASS">
          <reporter-output>
          </reporter-output>
        </test-method> <!-- configBM -->
        <test-method signature="createconwithorg()[pri:0, instance:com.comcast.crm.generic.basicutility.createContactTest@5f049ea1]" started-at="2024-07-28T23:52:34 IST" name="createconwithorg" finished-at="2024-07-28T23:52:55 IST" duration-ms="21314" status="PASS">
          <reporter-output>
          </reporter-output>
        </test-method> <!-- createconwithorg -->
        <test-method is-config="true" signature="configAM()[pri:0, instance:com.comcast.crm.generic.basicutility.createContactTest@5f049ea1]" started-at="2024-07-28T23:52:55 IST" name="configAM" finished-at="2024-07-28T23:52:57 IST" duration-ms="1519" status="PASS">
          <reporter-output>
          </reporter-output>
        </test-method> <!-- configAM -->
        <test-method is-config="true" signature="congigAC()[pri:0, instance:com.comcast.crm.generic.basicutility.createContactTest@5f049ea1]" started-at="2024-07-28T23:52:57 IST" name="congigAC" finished-at="2024-07-28T23:52:58 IST" duration-ms="845" status="PASS">
          <reporter-output>
          </reporter-output>
        </test-method> <!-- congigAC -->
        <test-method is-config="true" signature="congigAS()[pri:0, instance:com.comcast.crm.generic.basicutility.createContactTest@5f049ea1]" started-at="2024-07-28T23:52:58 IST" name="congigAS" finished-at="2024-07-28T23:52:58 IST" duration-ms="15" status="PASS">
          <reporter-output>
          </reporter-output>
        </test-method> <!-- congigAS -->
      </class> <!-- com.comcast.crm.generic.basicutility.createContactTest -->
    </test> <!-- Default test -->
  </suite> <!-- Default suite -->
</testng-results>
