<?xml version="1.0" encoding="UTF-8"?>
<testng-results ignored="0" total="1" passed="1" failed="0" skipped="0">
  <reporter-output>
  </reporter-output>
  <suite started-at="2024-07-24T15:15:42 IST" name="Default suite" finished-at="2024-07-24T15:16:09 IST" duration-ms="26638">
    <groups>
      <group name="smokeTest">
        <method signature="createContactTest.createContact()[pri:0, instance:com.comcast.crm.generic.assertion.createContactTest@48075da3]" name="createContact" class="com.comcast.crm.generic.assertion.createContactTest"/>
      </group> <!-- smokeTest -->
    </groups>
    <test started-at="2024-07-24T15:15:42 IST" name="Default test" finished-at="2024-07-24T15:16:09 IST" duration-ms="26638">
      <class name="com.comcast.crm.generic.assertion.createContactTest">
        <test-method is-config="true" signature="congigBs()[pri:0, instance:com.comcast.crm.generic.assertion.createContactTest@48075da3]" started-at="2024-07-24T15:15:41 IST" name="congigBs" finished-at="2024-07-24T15:15:42 IST" duration-ms="676" status="PASS">
          <reporter-output>
          </reporter-output>
        </test-method> <!-- congigBs -->
        <test-method is-config="true" signature="congigBC()[pri:0, instance:com.comcast.crm.generic.assertion.createContactTest@48075da3]" started-at="2024-07-24T15:15:42 IST" name="congigBC" finished-at="2024-07-24T15:15:48 IST" duration-ms="6220" status="PASS">
          <reporter-output>
          </reporter-output>
        </test-method> <!-- congigBC -->
        <test-method is-config="true" signature="configBM()[pri:0, instance:com.comcast.crm.generic.assertion.createContactTest@48075da3]" started-at="2024-07-24T15:15:48 IST" name="configBM" finished-at="2024-07-24T15:15:53 IST" duration-ms="4913" status="PASS">
          <reporter-output>
          </reporter-output>
        </test-method> <!-- configBM -->
        <test-method signature="createContact()[pri:0, instance:com.comcast.crm.generic.assertion.createContactTest@48075da3]" started-at="2024-07-24T15:15:53 IST" name="createContact" finished-at="2024-07-24T15:16:06 IST" duration-ms="12757" status="PASS">
          <reporter-output>
          </reporter-output>
        </test-method> <!-- createContact -->
        <test-method is-config="true" signature="configAM()[pri:0, instance:com.comcast.crm.generic.assertion.createContactTest@48075da3]" started-at="2024-07-24T15:16:06 IST" name="configAM" finished-at="2024-07-24T15:16:08 IST" duration-ms="1852" status="PASS">
          <reporter-output>
          </reporter-output>
        </test-method> <!-- configAM -->
        <test-method is-config="true" signature="congigAC()[pri:0, instance:com.comcast.crm.generic.assertion.createContactTest@48075da3]" started-at="2024-07-24T15:16:08 IST" name="congigAC" finished-at="2024-07-24T15:16:09 IST" duration-ms="835" status="PASS">
          <reporter-output>
          </reporter-output>
        </test-method> <!-- congigAC -->
        <test-method is-config="true" signature="congigAS()[pri:0, instance:com.comcast.crm.generic.assertion.createContactTest@48075da3]" started-at="2024-07-24T15:16:09 IST" name="congigAS" finished-at="2024-07-24T15:16:09 IST" duration-ms="0" status="PASS">
          <reporter-output>
          </reporter-output>
        </test-method> <!-- congigAS -->
      </class> <!-- com.comcast.crm.generic.assertion.createContactTest -->
    </test> <!-- Default test -->
  </suite> <!-- Default suite -->
</testng-results>
